[debug] ----------------------------------------------------------------------
[debug] Command:      /usr/local/Cellar/node/5.11.0/bin/node /usr/local/bin/firebase deploy
[debug] CLI Version:  3.0.0
[debug] Platform:     darwin
[debug] Node Version: v5.11.0
[debug] Time:         Thu May 26 2016 08:04:58 GMT-0600 (MDT)
[debug] ----------------------------------------------------------------------
[debug] 
[debug] > command requires scopes: ["email","openid","https://www.googleapis.com/auth/cloudplatformprojects.readonly","https://www.googleapis.com/auth/firebase"]
[debug] > refreshing access token with scopes: ["email","https://www.googleapis.com/auth/cloudplatformprojects.readonly","https://www.googleapis.com/auth/firebase","openid"]
[debug] >>> HTTP REQUEST POST https://www.googleapis.com/oauth2/v3/token
[debug] <<< HTTP RESPONSE 200
[debug] >>> HTTP REQUEST GET https://admin.firebase.com/v1/projects/q1-mhottman 
[debug] <<< HTTP RESPONSE 200
[debug] >>> HTTP REQUEST GET https://admin.firebase.com/v1/database/q1-mhottman/tokens 
[debug] <<< HTTP RESPONSE 200
[info] 
[info] === Deploying to 'q1-mhottman'...
[info] 
[info] i  deploying database, hosting
[info] i  hosting: preparing public directory for upload...
[debug] >>> HTTP REQUEST PUT https://deploy.firebase.com/v1/hosting/q1-mhottman/uploads/-KIhNUOYTh9sndObxPw8?fileCount=33&message= 
